{"/Applications/MAMP_2024-10-31_15-47-28/htdocs/grand-summoners/src/App.jsx": {"path":"/Applications/MAMP_2024-10-31_15-47-28/htdocs/grand-summoners/src/App.jsx","statementMap":{"0":{"start":{"line":18,"column":20},"end":{"line":24,"column":1}},"1":{"start":{"line":19,"column":23},"end":{"line":19,"column":36}},"2":{"start":{"line":20,"column":2},"end":{"line":22,"column":17}},"3":{"start":{"line":21,"column":4},"end":{"line":21,"column":26}},"4":{"start":{"line":23,"column":2},"end":{"line":23,"column":18}},"5":{"start":{"line":27,"column":77},"end":{"line":27,"column":95}},"6":{"start":{"line":28,"column":42},"end":{"line":28,"column":56}},"7":{"start":{"line":29,"column":44},"end":{"line":29,"column":58}},"8":{"start":{"line":31,"column":32},"end":{"line":31,"column":108}},"9":{"start":{"line":31,"column":47},"end":{"line":31,"column":107}},"10":{"start":{"line":32,"column":2},"end":{"line":34,"column":16}},"11":{"start":{"line":33,"column":4},"end":{"line":33,"column":73}},"12":{"start":{"line":36,"column":33},"end":{"line":41,"column":6}},"13":{"start":{"line":37,"column":4},"end":{"line":41,"column":6}},"14":{"start":{"line":38,"column":16},"end":{"line":38,"column":29}},"15":{"start":{"line":39,"column":6},"end":{"line":39,"column":55}},"16":{"start":{"line":40,"column":6},"end":{"line":40,"column":15}},"17":{"start":{"line":42,"column":23},"end":{"line":42,"column":50}},"18":{"start":{"line":42,"column":29},"end":{"line":42,"column":50}},"19":{"start":{"line":44,"column":40},"end":{"line":46,"column":3}},"20":{"start":{"line":45,"column":10},"end":{"line":45,"column":74}},"21":{"start":{"line":47,"column":2},"end":{"line":49,"column":20}},"22":{"start":{"line":48,"column":4},"end":{"line":48,"column":91}},"23":{"start":{"line":51,"column":31},"end":{"line":52,"column":86}},"24":{"start":{"line":52,"column":4},"end":{"line":52,"column":86}},"25":{"start":{"line":52,"column":29},"end":{"line":52,"column":85}},"26":{"start":{"line":53,"column":31},"end":{"line":62,"column":6}},"27":{"start":{"line":54,"column":4},"end":{"line":62,"column":6}},"28":{"start":{"line":55,"column":16},"end":{"line":55,"column":29}},"29":{"start":{"line":56,"column":6},"end":{"line":60,"column":7}},"30":{"start":{"line":57,"column":8},"end":{"line":57,"column":43}},"31":{"start":{"line":59,"column":8},"end":{"line":59,"column":26}},"32":{"start":{"line":61,"column":6},"end":{"line":61,"column":15}},"33":{"start":{"line":63,"column":27},"end":{"line":63,"column":58}},"34":{"start":{"line":63,"column":33},"end":{"line":63,"column":58}},"35":{"start":{"line":65,"column":52},"end":{"line":67,"column":3}},"36":{"start":{"line":66,"column":10},"end":{"line":66,"column":62}},"37":{"start":{"line":68,"column":2},"end":{"line":70,"column":26}},"38":{"start":{"line":69,"column":4},"end":{"line":69,"column":65}},"39":{"start":{"line":72,"column":54},"end":{"line":74,"column":3}},"40":{"start":{"line":73,"column":10},"end":{"line":73,"column":63}},"41":{"start":{"line":75,"column":2},"end":{"line":77,"column":27}},"42":{"start":{"line":76,"column":4},"end":{"line":76,"column":67}},"43":{"start":{"line":79,"column":2},"end":{"line":91,"column":3}},"44":{"start":{"line":80,"column":4},"end":{"line":90,"column":6}},"45":{"start":{"line":86,"column":12},"end":{"line":86,"column":36}},"46":{"start":{"line":93,"column":2},"end":{"line":100,"column":3}},"47":{"start":{"line":94,"column":4},"end":{"line":99,"column":6}},"48":{"start":{"line":102,"column":2},"end":{"line":117,"column":4}},"49":{"start":{"line":121,"column":2},"end":{"line":133,"column":4}}},"fnMap":{"0":{"name":"(anonymous_0)","decl":{"start":{"line":18,"column":20},"end":{"line":18,"column":21}},"loc":{"start":{"line":18,"column":38},"end":{"line":24,"column":1}},"line":18},"1":{"name":"(anonymous_1)","decl":{"start":{"line":20,"column":18},"end":{"line":20,"column":19}},"loc":{"start":{"line":20,"column":24},"end":{"line":22,"column":3}},"line":20},"2":{"name":"AppContent","decl":{"start":{"line":26,"column":9},"end":{"line":26,"column":19}},"loc":{"start":{"line":26,"column":22},"end":{"line":118,"column":1}},"line":26},"3":{"name":"(anonymous_3)","decl":{"start":{"line":31,"column":41},"end":{"line":31,"column":42}},"loc":{"start":{"line":31,"column":47},"end":{"line":31,"column":107}},"line":31},"4":{"name":"(anonymous_4)","decl":{"start":{"line":32,"column":12},"end":{"line":32,"column":13}},"loc":{"start":{"line":32,"column":18},"end":{"line":34,"column":3}},"line":32},"5":{"name":"(anonymous_5)","decl":{"start":{"line":36,"column":33},"end":{"line":36,"column":34}},"loc":{"start":{"line":37,"column":4},"end":{"line":41,"column":6}},"line":37},"6":{"name":"(anonymous_6)","decl":{"start":{"line":37,"column":15},"end":{"line":37,"column":16}},"loc":{"start":{"line":37,"column":25},"end":{"line":41,"column":5}},"line":37},"7":{"name":"(anonymous_7)","decl":{"start":{"line":42,"column":23},"end":{"line":42,"column":24}},"loc":{"start":{"line":42,"column":29},"end":{"line":42,"column":50}},"line":42},"8":{"name":"(anonymous_8)","decl":{"start":{"line":45,"column":4},"end":{"line":45,"column":5}},"loc":{"start":{"line":45,"column":10},"end":{"line":45,"column":74}},"line":45},"9":{"name":"(anonymous_9)","decl":{"start":{"line":47,"column":12},"end":{"line":47,"column":13}},"loc":{"start":{"line":47,"column":18},"end":{"line":49,"column":3}},"line":47},"10":{"name":"(anonymous_10)","decl":{"start":{"line":51,"column":31},"end":{"line":51,"column":32}},"loc":{"start":{"line":52,"column":4},"end":{"line":52,"column":86}},"line":52},"11":{"name":"(anonymous_11)","decl":{"start":{"line":52,"column":19},"end":{"line":52,"column":20}},"loc":{"start":{"line":52,"column":29},"end":{"line":52,"column":85}},"line":52},"12":{"name":"(anonymous_12)","decl":{"start":{"line":53,"column":31},"end":{"line":53,"column":32}},"loc":{"start":{"line":54,"column":4},"end":{"line":62,"column":6}},"line":54},"13":{"name":"(anonymous_13)","decl":{"start":{"line":54,"column":19},"end":{"line":54,"column":20}},"loc":{"start":{"line":54,"column":29},"end":{"line":62,"column":5}},"line":54},"14":{"name":"(anonymous_14)","decl":{"start":{"line":63,"column":27},"end":{"line":63,"column":28}},"loc":{"start":{"line":63,"column":33},"end":{"line":63,"column":58}},"line":63},"15":{"name":"(anonymous_15)","decl":{"start":{"line":66,"column":4},"end":{"line":66,"column":5}},"loc":{"start":{"line":66,"column":10},"end":{"line":66,"column":62}},"line":66},"16":{"name":"(anonymous_16)","decl":{"start":{"line":68,"column":12},"end":{"line":68,"column":13}},"loc":{"start":{"line":68,"column":18},"end":{"line":70,"column":3}},"line":68},"17":{"name":"(anonymous_17)","decl":{"start":{"line":73,"column":4},"end":{"line":73,"column":5}},"loc":{"start":{"line":73,"column":10},"end":{"line":73,"column":63}},"line":73},"18":{"name":"(anonymous_18)","decl":{"start":{"line":75,"column":12},"end":{"line":75,"column":13}},"loc":{"start":{"line":75,"column":18},"end":{"line":77,"column":3}},"line":75},"19":{"name":"(anonymous_19)","decl":{"start":{"line":85,"column":30},"end":{"line":85,"column":31}},"loc":{"start":{"line":86,"column":12},"end":{"line":86,"column":36}},"line":86},"20":{"name":"App","decl":{"start":{"line":120,"column":24},"end":{"line":120,"column":27}},"loc":{"start":{"line":120,"column":30},"end":{"line":134,"column":1}},"line":120}},"branchMap":{"0":{"loc":{"start":{"line":31,"column":66},"end":{"line":31,"column":105}},"type":"binary-expr","locations":[{"start":{"line":31,"column":66},"end":{"line":31,"column":97}},{"start":{"line":31,"column":101},"end":{"line":31,"column":105}}],"line":31},"1":{"loc":{"start":{"line":39,"column":6},"end":{"line":39,"column":54}},"type":"cond-expr","locations":[{"start":{"line":39,"column":22},"end":{"line":39,"column":38}},{"start":{"line":39,"column":41},"end":{"line":39,"column":54}}],"line":39},"2":{"loc":{"start":{"line":45,"column":29},"end":{"line":45,"column":72}},"type":"binary-expr","locations":[{"start":{"line":45,"column":29},"end":{"line":45,"column":64}},{"start":{"line":45,"column":68},"end":{"line":45,"column":72}}],"line":45},"3":{"loc":{"start":{"line":52,"column":57},"end":{"line":52,"column":79}},"type":"binary-expr","locations":[{"start":{"line":52,"column":57},"end":{"line":52,"column":74}},{"start":{"line":52,"column":78},"end":{"line":52,"column":79}}],"line":52},"4":{"loc":{"start":{"line":56,"column":6},"end":{"line":60,"column":7}},"type":"if","locations":[{"start":{"line":56,"column":6},"end":{"line":60,"column":7}},{"start":{"line":58,"column":13},"end":{"line":60,"column":7}}],"line":56},"5":{"loc":{"start":{"line":56,"column":11},"end":{"line":56,"column":30}},"type":"binary-expr","locations":[{"start":{"line":56,"column":11},"end":{"line":56,"column":25}},{"start":{"line":56,"column":29},"end":{"line":56,"column":30}}],"line":56},"6":{"loc":{"start":{"line":79,"column":2},"end":{"line":91,"column":3}},"type":"if","locations":[{"start":{"line":79,"column":2},"end":{"line":91,"column":3}},{"start":{},"end":{}}],"line":79},"7":{"loc":{"start":{"line":93,"column":2},"end":{"line":100,"column":3}},"type":"if","locations":[{"start":{"line":93,"column":2},"end":{"line":100,"column":3}},{"start":{},"end":{}}],"line":93}},"s":{"0":1,"1":0,"2":0,"3":0,"4":0,"5":0,"6":0,"7":0,"8":0,"9":0,"10":0,"11":0,"12":0,"13":0,"14":0,"15":0,"16":0,"17":0,"18":0,"19":0,"20":0,"21":0,"22":0,"23":0,"24":0,"25":0,"26":0,"27":0,"28":0,"29":0,"30":0,"31":0,"32":0,"33":0,"34":0,"35":0,"36":0,"37":0,"38":0,"39":0,"40":0,"41":0,"42":0,"43":0,"44":0,"45":0,"46":0,"47":0,"48":0,"49":5},"f":{"0":0,"1":0,"2":0,"3":0,"4":0,"5":0,"6":0,"7":0,"8":0,"9":0,"10":0,"11":0,"12":0,"13":0,"14":0,"15":0,"16":0,"17":0,"18":0,"19":0,"20":5},"b":{"0":[0,0],"1":[0,0],"2":[0,0],"3":[0,0],"4":[0,0],"5":[0,0],"6":[0,0],"7":[0,0]},"_coverageSchema":"1a1c01bbd47fc00a2c39e90264f33305004495a9","hash":"d68fe34fb86055a875c4c1a3d6273264740bfd68"}
,"/Applications/MAMP_2024-10-31_15-47-28/htdocs/grand-summoners/src/components/AllBossesPage.jsx": {"path":"/Applications/MAMP_2024-10-31_15-47-28/htdocs/grand-summoners/src/components/AllBossesPage.jsx","statementMap":{"0":{"start":{"line":6,"column":21},"end":{"line":6,"column":36}},"1":{"start":{"line":8,"column":2},"end":{"line":23,"column":4}},"2":{"start":{"line":13,"column":10},"end":{"line":16,"column":16}}},"fnMap":{"0":{"name":"AllBossesPage","decl":{"start":{"line":5,"column":24},"end":{"line":5,"column":37}},"loc":{"start":{"line":5,"column":53},"end":{"line":24,"column":1}},"line":5},"1":{"name":"(anonymous_1)","decl":{"start":{"line":12,"column":24},"end":{"line":12,"column":25}},"loc":{"start":{"line":13,"column":10},"end":{"line":16,"column":16}},"line":13}},"branchMap":{"0":{"loc":{"start":{"line":6,"column":21},"end":{"line":6,"column":36}},"type":"binary-expr","locations":[{"start":{"line":6,"column":21},"end":{"line":6,"column":30}},{"start":{"line":6,"column":34},"end":{"line":6,"column":36}}],"line":6},"1":{"loc":{"start":{"line":15,"column":42},"end":{"line":15,"column":69}},"type":"binary-expr","locations":[{"start":{"line":15,"column":42},"end":{"line":15,"column":51}},{"start":{"line":15,"column":55},"end":{"line":15,"column":69}}],"line":15},"2":{"loc":{"start":{"line":18,"column":9},"end":{"line":20,"column":9}},"type":"binary-expr","locations":[{"start":{"line":18,"column":9},"end":{"line":18,"column":32}},{"start":{"line":19,"column":10},"end":{"line":19,"column":59}}],"line":18}},"s":{"0":0,"1":0,"2":0},"f":{"0":0,"1":0},"b":{"0":[0,0],"1":[0,0],"2":[0,0]},"_coverageSchema":"1a1c01bbd47fc00a2c39e90264f33305004495a9","hash":"1f3c87e00bbabb87560e2db0ddf071014a425769"}
,"/Applications/MAMP_2024-10-31_15-47-28/htdocs/grand-summoners/src/components/AllGuidesPage.jsx": {"path":"/Applications/MAMP_2024-10-31_15-47-28/htdocs/grand-summoners/src/components/AllGuidesPage.jsx","statementMap":{"0":{"start":{"line":6,"column":21},"end":{"line":6,"column":36}},"1":{"start":{"line":8,"column":2},"end":{"line":23,"column":4}},"2":{"start":{"line":13,"column":10},"end":{"line":16,"column":16}}},"fnMap":{"0":{"name":"AllGuidesPage","decl":{"start":{"line":5,"column":24},"end":{"line":5,"column":37}},"loc":{"start":{"line":5,"column":53},"end":{"line":24,"column":1}},"line":5},"1":{"name":"(anonymous_1)","decl":{"start":{"line":12,"column":24},"end":{"line":12,"column":25}},"loc":{"start":{"line":13,"column":10},"end":{"line":16,"column":16}},"line":13}},"branchMap":{"0":{"loc":{"start":{"line":6,"column":21},"end":{"line":6,"column":36}},"type":"binary-expr","locations":[{"start":{"line":6,"column":21},"end":{"line":6,"column":30}},{"start":{"line":6,"column":34},"end":{"line":6,"column":36}}],"line":6},"1":{"loc":{"start":{"line":15,"column":42},"end":{"line":15,"column":90}},"type":"binary-expr","locations":[{"start":{"line":15,"column":42},"end":{"line":15,"column":59}},{"start":{"line":15,"column":63},"end":{"line":15,"column":90}}],"line":15},"2":{"loc":{"start":{"line":18,"column":9},"end":{"line":20,"column":9}},"type":"binary-expr","locations":[{"start":{"line":18,"column":9},"end":{"line":18,"column":32}},{"start":{"line":19,"column":10},"end":{"line":19,"column":59}}],"line":18}},"s":{"0":0,"1":0,"2":0},"f":{"0":0,"1":0},"b":{"0":[0,0],"1":[0,0],"2":[0,0]},"_coverageSchema":"1a1c01bbd47fc00a2c39e90264f33305004495a9","hash":"9d1be556c3f9d6aaaa82391e098e52d2cbda92f3"}
,"/Applications/MAMP_2024-10-31_15-47-28/htdocs/grand-summoners/src/components/AllUnitsPage.jsx": {"path":"/Applications/MAMP_2024-10-31_15-47-28/htdocs/grand-summoners/src/components/AllUnitsPage.jsx","statementMap":{"0":{"start":{"line":17,"column":19},"end":{"line":17,"column":32}},"1":{"start":{"line":18,"column":32},"end":{"line":23,"column":4}},"2":{"start":{"line":24,"column":36},"end":{"line":24,"column":55}},"3":{"start":{"line":26,"column":30},"end":{"line":28,"column":8}},"4":{"start":{"line":27,"column":4},"end":{"line":27,"column":91}},"5":{"start":{"line":27,"column":71},"end":{"line":27,"column":80}},"6":{"start":{"line":30,"column":24},"end":{"line":32,"column":17}},"7":{"start":{"line":30,"column":39},"end":{"line":32,"column":3}},"8":{"start":{"line":31,"column":55},"end":{"line":31,"column":75}},"9":{"start":{"line":34,"column":33},"end":{"line":68,"column":64}},"10":{"start":{"line":35,"column":25},"end":{"line":37,"column":21}},"11":{"start":{"line":36,"column":31},"end":{"line":36,"column":53}},"12":{"start":{"line":39,"column":4},"end":{"line":57,"column":7}},"13":{"start":{"line":40,"column":6},"end":{"line":40,"column":49}},"14":{"start":{"line":40,"column":36},"end":{"line":40,"column":49}},"15":{"start":{"line":42,"column":25},"end":{"line":42,"column":54}},"16":{"start":{"line":44,"column":6},"end":{"line":49,"column":7}},"17":{"start":{"line":45,"column":26},"end":{"line":45,"column":45}},"18":{"start":{"line":45,"column":46},"end":{"line":45,"column":52}},"19":{"start":{"line":46,"column":21},"end":{"line":46,"column":47}},"20":{"start":{"line":46,"column":48},"end":{"line":46,"column":54}},"21":{"start":{"line":47,"column":28},"end":{"line":47,"column":55}},"22":{"start":{"line":47,"column":56},"end":{"line":47,"column":62}},"23":{"start":{"line":48,"column":17},"end":{"line":48,"column":72}},"24":{"start":{"line":48,"column":73},"end":{"line":48,"column":79}},"25":{"start":{"line":51,"column":6},"end":{"line":56,"column":8}},"26":{"start":{"line":59,"column":4},"end":{"line":65,"column":7}},"27":{"start":{"line":60,"column":20},"end":{"line":60,"column":38}},"28":{"start":{"line":61,"column":20},"end":{"line":61,"column":38}},"29":{"start":{"line":62,"column":6},"end":{"line":62,"column":65}},"30":{"start":{"line":62,"column":31},"end":{"line":62,"column":65}},"31":{"start":{"line":63,"column":6},"end":{"line":63,"column":65}},"32":{"start":{"line":63,"column":31},"end":{"line":63,"column":65}},"33":{"start":{"line":64,"column":6},"end":{"line":64,"column":83}},"34":{"start":{"line":67,"column":4},"end":{"line":67,"column":26}},"35":{"start":{"line":70,"column":29},"end":{"line":71,"column":72}},"36":{"start":{"line":71,"column":4},"end":{"line":71,"column":72}},"37":{"start":{"line":71,"column":26},"end":{"line":71,"column":70}},"38":{"start":{"line":73,"column":26},"end":{"line":76,"column":3}},"39":{"start":{"line":74,"column":4},"end":{"line":74,"column":28}},"40":{"start":{"line":75,"column":4},"end":{"line":75,"column":34}},"41":{"start":{"line":78,"column":25},"end":{"line":82,"column":3}},"42":{"start":{"line":79,"column":4},"end":{"line":81,"column":5}},"43":{"start":{"line":80,"column":6},"end":{"line":80,"column":21}},"44":{"start":{"line":84,"column":2},"end":{"line":189,"column":4}},"45":{"start":{"line":122,"column":16},"end":{"line":124,"column":25}},"46":{"start":{"line":136,"column":16},"end":{"line":138,"column":25}},"47":{"start":{"line":143,"column":31},"end":{"line":143,"column":59}},"48":{"start":{"line":162,"column":33},"end":{"line":162,"column":71}},"49":{"start":{"line":178,"column":12},"end":{"line":184,"column":14}}},"fnMap":{"0":{"name":"AllUnitsPage","decl":{"start":{"line":8,"column":24},"end":{"line":8,"column":36}},"loc":{"start":{"line":16,"column":3},"end":{"line":190,"column":1}},"line":16},"1":{"name":"(anonymous_1)","decl":{"start":{"line":26,"column":38},"end":{"line":26,"column":39}},"loc":{"start":{"line":26,"column":44},"end":{"line":28,"column":3}},"line":26},"2":{"name":"(anonymous_2)","decl":{"start":{"line":27,"column":61},"end":{"line":27,"column":62}},"loc":{"start":{"line":27,"column":71},"end":{"line":27,"column":80}},"line":27},"3":{"name":"(anonymous_3)","decl":{"start":{"line":30,"column":32},"end":{"line":30,"column":33}},"loc":{"start":{"line":30,"column":39},"end":{"line":32,"column":3}},"line":30},"4":{"name":"(anonymous_4)","decl":{"start":{"line":31,"column":48},"end":{"line":31,"column":49}},"loc":{"start":{"line":31,"column":55},"end":{"line":31,"column":75}},"line":31},"5":{"name":"(anonymous_5)","decl":{"start":{"line":34,"column":41},"end":{"line":34,"column":42}},"loc":{"start":{"line":34,"column":47},"end":{"line":68,"column":3}},"line":34},"6":{"name":"(anonymous_6)","decl":{"start":{"line":36,"column":24},"end":{"line":36,"column":25}},"loc":{"start":{"line":36,"column":31},"end":{"line":36,"column":53}},"line":36},"7":{"name":"(anonymous_7)","decl":{"start":{"line":39,"column":43},"end":{"line":39,"column":44}},"loc":{"start":{"line":39,"column":53},"end":{"line":57,"column":5}},"line":39},"8":{"name":"(anonymous_8)","decl":{"start":{"line":59,"column":24},"end":{"line":59,"column":25}},"loc":{"start":{"line":59,"column":34},"end":{"line":65,"column":5}},"line":59},"9":{"name":"(anonymous_9)","decl":{"start":{"line":70,"column":29},"end":{"line":70,"column":30}},"loc":{"start":{"line":71,"column":4},"end":{"line":71,"column":72}},"line":71},"10":{"name":"(anonymous_10)","decl":{"start":{"line":71,"column":15},"end":{"line":71,"column":16}},"loc":{"start":{"line":71,"column":26},"end":{"line":71,"column":70}},"line":71},"11":{"name":"(anonymous_11)","decl":{"start":{"line":73,"column":26},"end":{"line":73,"column":27}},"loc":{"start":{"line":73,"column":36},"end":{"line":76,"column":3}},"line":73},"12":{"name":"(anonymous_12)","decl":{"start":{"line":78,"column":25},"end":{"line":78,"column":26}},"loc":{"start":{"line":78,"column":31},"end":{"line":82,"column":3}},"line":78},"13":{"name":"(anonymous_13)","decl":{"start":{"line":121,"column":51},"end":{"line":121,"column":52}},"loc":{"start":{"line":122,"column":16},"end":{"line":124,"column":25}},"line":122},"14":{"name":"(anonymous_14)","decl":{"start":{"line":135,"column":39},"end":{"line":135,"column":40}},"loc":{"start":{"line":136,"column":16},"end":{"line":138,"column":25}},"line":136},"15":{"name":"(anonymous_15)","decl":{"start":{"line":143,"column":24},"end":{"line":143,"column":25}},"loc":{"start":{"line":143,"column":31},"end":{"line":143,"column":59}},"line":143},"16":{"name":"(anonymous_16)","decl":{"start":{"line":162,"column":26},"end":{"line":162,"column":27}},"loc":{"start":{"line":162,"column":33},"end":{"line":162,"column":71}},"line":162},"17":{"name":"(anonymous_17)","decl":{"start":{"line":177,"column":38},"end":{"line":177,"column":39}},"loc":{"start":{"line":178,"column":12},"end":{"line":184,"column":14}},"line":178}},"branchMap":{"0":{"loc":{"start":{"line":9,"column":2},"end":{"line":9,"column":15}},"type":"default-arg","locations":[{"start":{"line":9,"column":13},"end":{"line":9,"column":15}}],"line":9},"1":{"loc":{"start":{"line":10,"column":2},"end":{"line":10,"column":21}},"type":"default-arg","locations":[{"start":{"line":10,"column":12},"end":{"line":10,"column":21}}],"line":10},"2":{"loc":{"start":{"line":35,"column":25},"end":{"line":37,"column":21}},"type":"cond-expr","locations":[{"start":{"line":36,"column":8},"end":{"line":36,"column":54}},{"start":{"line":37,"column":8},"end":{"line":37,"column":21}}],"line":35},"3":{"loc":{"start":{"line":36,"column":31},"end":{"line":36,"column":53}},"type":"binary-expr","locations":[{"start":{"line":36,"column":31},"end":{"line":36,"column":32}},{"start":{"line":36,"column":36},"end":{"line":36,"column":53}}],"line":36},"4":{"loc":{"start":{"line":40,"column":6},"end":{"line":40,"column":49}},"type":"if","locations":[{"start":{"line":40,"column":6},"end":{"line":40,"column":49}},{"start":{},"end":{}}],"line":40},"5":{"loc":{"start":{"line":40,"column":10},"end":{"line":40,"column":34}},"type":"binary-expr","locations":[{"start":{"line":40,"column":10},"end":{"line":40,"column":15}},{"start":{"line":40,"column":19},"end":{"line":40,"column":34}}],"line":40},"6":{"loc":{"start":{"line":44,"column":6},"end":{"line":49,"column":7}},"type":"switch","locations":[{"start":{"line":45,"column":8},"end":{"line":45,"column":52}},{"start":{"line":46,"column":8},"end":{"line":46,"column":54}},{"start":{"line":47,"column":8},"end":{"line":47,"column":62}},{"start":{"line":48,"column":8},"end":{"line":48,"column":79}}],"line":44},"7":{"loc":{"start":{"line":52,"column":8},"end":{"line":55,"column":80}},"type":"binary-expr","locations":[{"start":{"line":52,"column":8},"end":{"line":52,"column":19}},{"start":{"line":53,"column":9},"end":{"line":53,"column":34}},{"start":{"line":53,"column":38},"end":{"line":53,"column":70}},{"start":{"line":54,"column":9},"end":{"line":54,"column":36}},{"start":{"line":54,"column":40},"end":{"line":54,"column":84}},{"start":{"line":55,"column":8},"end":{"line":55,"column":80}}],"line":52},"8":{"loc":{"start":{"line":60,"column":20},"end":{"line":60,"column":38}},"type":"binary-expr","locations":[{"start":{"line":60,"column":20},"end":{"line":60,"column":32}},{"start":{"line":60,"column":36},"end":{"line":60,"column":38}}],"line":60},"9":{"loc":{"start":{"line":61,"column":20},"end":{"line":61,"column":38}},"type":"binary-expr","locations":[{"start":{"line":61,"column":20},"end":{"line":61,"column":32}},{"start":{"line":61,"column":36},"end":{"line":61,"column":38}}],"line":61},"10":{"loc":{"start":{"line":62,"column":6},"end":{"line":62,"column":65}},"type":"if","locations":[{"start":{"line":62,"column":6},"end":{"line":62,"column":65}},{"start":{},"end":{}}],"line":62},"11":{"loc":{"start":{"line":63,"column":6},"end":{"line":63,"column":65}},"type":"if","locations":[{"start":{"line":63,"column":6},"end":{"line":63,"column":65}},{"start":{},"end":{}}],"line":63},"12":{"loc":{"start":{"line":64,"column":14},"end":{"line":64,"column":45}},"type":"binary-expr","locations":[{"start":{"line":64,"column":14},"end":{"line":64,"column":36}},{"start":{"line":64,"column":40},"end":{"line":64,"column":45}}],"line":64},"13":{"loc":{"start":{"line":64,"column":50},"end":{"line":64,"column":81}},"type":"binary-expr","locations":[{"start":{"line":64,"column":50},"end":{"line":64,"column":72}},{"start":{"line":64,"column":76},"end":{"line":64,"column":81}}],"line":64},"14":{"loc":{"start":{"line":79,"column":4},"end":{"line":81,"column":5}},"type":"if","locations":[{"start":{"line":79,"column":4},"end":{"line":81,"column":5}},{"start":{},"end":{}}],"line":79}},"s":{"0":4,"1":4,"2":4,"3":4,"4":4,"5":476,"6":4,"7":4,"8":6,"9":4,"10":4,"11":2,"12":4,"13":5,"14":1,"15":4,"16":4,"17":4,"18":4,"19":0,"20":0,"21":0,"22":0,"23":0,"24":0,"25":4,"26":4,"27":1,"28":1,"29":1,"30":0,"31":1,"32":0,"33":1,"34":4,"35":4,"36":0,"37":0,"38":4,"39":0,"40":0,"41":4,"42":0,"43":0,"44":4,"45":0,"46":40,"47":0,"48":0,"49":4},"f":{"0":4,"1":4,"2":476,"3":4,"4":6,"5":4,"6":2,"7":5,"8":1,"9":0,"10":0,"11":0,"12":0,"13":0,"14":40,"15":0,"16":0,"17":4},"b":{"0":[0],"1":[0],"2":[1,3],"3":[2,2],"4":[1,4],"5":[5,5],"6":[4,0,0,0],"7":[4,4,0,4,0,4],"8":[1,0],"9":[1,0],"10":[0,1],"11":[0,1],"12":[1,1],"13":[1,1],"14":[0,0]},"_coverageSchema":"1a1c01bbd47fc00a2c39e90264f33305004495a9","hash":"410c77eff7b02491f13913fc9948a26c627ed988"}
,"/Applications/MAMP_2024-10-31_15-47-28/htdocs/grand-summoners/src/components/BattlePlanDisplay.jsx": {"path":"/Applications/MAMP_2024-10-31_15-47-28/htdocs/grand-summoners/src/components/BattlePlanDisplay.jsx","statementMap":{"0":{"start":{"line":9,"column":2},"end":{"line":9,"column":53}},"1":{"start":{"line":9,"column":41},"end":{"line":9,"column":53}},"2":{"start":{"line":11,"column":24},"end":{"line":11,"column":68}},"3":{"start":{"line":12,"column":21},"end":{"line":12,"column":69}},"4":{"start":{"line":13,"column":25},"end":{"line":13,"column":52}},"5":{"start":{"line":15,"column":24},"end":{"line":15,"column":49}},"6":{"start":{"line":16,"column":21},"end":{"line":16,"column":43}},"7":{"start":{"line":17,"column":25},"end":{"line":17,"column":51}},"8":{"start":{"line":19,"column":18},"end":{"line":31,"column":3}},"9":{"start":{"line":20,"column":4},"end":{"line":20,"column":73}},"10":{"start":{"line":20,"column":61},"end":{"line":20,"column":73}},"11":{"start":{"line":21,"column":4},"end":{"line":30,"column":6}},"12":{"start":{"line":33,"column":27},"end":{"line":84,"column":3}},"13":{"start":{"line":34,"column":4},"end":{"line":34,"column":73}},"14":{"start":{"line":34,"column":61},"end":{"line":34,"column":73}},"15":{"start":{"line":36,"column":18},"end":{"line":36,"column":58}},"16":{"start":{"line":38,"column":4},"end":{"line":83,"column":6}},"17":{"start":{"line":45,"column":12},"end":{"line":45,"column":42}},"18":{"start":{"line":45,"column":30},"end":{"line":45,"column":42}},"19":{"start":{"line":47,"column":34},"end":{"line":47,"column":77}},"20":{"start":{"line":48,"column":12},"end":{"line":54,"column":13}},"21":{"start":{"line":49,"column":14},"end":{"line":53,"column":16}},"22":{"start":{"line":56,"column":29},"end":{"line":56,"column":45}},"23":{"start":{"line":57,"column":29},"end":{"line":57,"column":76}},"24":{"start":{"line":57,"column":51},"end":{"line":57,"column":75}},"25":{"start":{"line":58,"column":32},"end":{"line":58,"column":73}},"26":{"start":{"line":60,"column":12},"end":{"line":79,"column":14}},"27":{"start":{"line":68,"column":37},"end":{"line":68,"column":60}},"28":{"start":{"line":86,"column":2},"end":{"line":92,"column":4}}},"fnMap":{"0":{"name":"BattlePlanDisplay","decl":{"start":{"line":7,"column":24},"end":{"line":7,"column":41}},"loc":{"start":{"line":7,"column":75},"end":{"line":93,"column":1}},"line":7},"1":{"name":"(anonymous_1)","decl":{"start":{"line":19,"column":18},"end":{"line":19,"column":19}},"loc":{"start":{"line":19,"column":42},"end":{"line":31,"column":3}},"line":19},"2":{"name":"(anonymous_2)","decl":{"start":{"line":33,"column":27},"end":{"line":33,"column":28}},"loc":{"start":{"line":33,"column":44},"end":{"line":84,"column":3}},"line":33},"3":{"name":"(anonymous_3)","decl":{"start":{"line":44,"column":21},"end":{"line":44,"column":22}},"loc":{"start":{"line":44,"column":38},"end":{"line":80,"column":11}},"line":44},"4":{"name":"(anonymous_4)","decl":{"start":{"line":57,"column":44},"end":{"line":57,"column":45}},"loc":{"start":{"line":57,"column":51},"end":{"line":57,"column":75}},"line":57},"5":{"name":"(anonymous_5)","decl":{"start":{"line":68,"column":31},"end":{"line":68,"column":32}},"loc":{"start":{"line":68,"column":37},"end":{"line":68,"column":60}},"line":68}},"branchMap":{"0":{"loc":{"start":{"line":9,"column":2},"end":{"line":9,"column":53}},"type":"if","locations":[{"start":{"line":9,"column":2},"end":{"line":9,"column":53}},{"start":{},"end":{}}],"line":9},"1":{"loc":{"start":{"line":9,"column":6},"end":{"line":9,"column":39}},"type":"binary-expr","locations":[{"start":{"line":9,"column":6},"end":{"line":9,"column":11}},{"start":{"line":9,"column":15},"end":{"line":9,"column":39}}],"line":9},"2":{"loc":{"start":{"line":20,"column":4},"end":{"line":20,"column":73}},"type":"if","locations":[{"start":{"line":20,"column":4},"end":{"line":20,"column":73}},{"start":{},"end":{}}],"line":20},"3":{"loc":{"start":{"line":20,"column":8},"end":{"line":20,"column":59}},"type":"binary-expr","locations":[{"start":{"line":20,"column":8},"end":{"line":20,"column":16}},{"start":{"line":20,"column":20},"end":{"line":20,"column":31}},{"start":{"line":20,"column":35},"end":{"line":20,"column":59}}],"line":20},"4":{"loc":{"start":{"line":34,"column":4},"end":{"line":34,"column":73}},"type":"if","locations":[{"start":{"line":34,"column":4},"end":{"line":34,"column":73}},{"start":{},"end":{}}],"line":34},"5":{"loc":{"start":{"line":34,"column":8},"end":{"line":34,"column":59}},"type":"binary-expr","locations":[{"start":{"line":34,"column":8},"end":{"line":34,"column":16}},{"start":{"line":34,"column":20},"end":{"line":34,"column":31}},{"start":{"line":34,"column":35},"end":{"line":34,"column":59}}],"line":34},"6":{"loc":{"start":{"line":45,"column":12},"end":{"line":45,"column":42}},"type":"if","locations":[{"start":{"line":45,"column":12},"end":{"line":45,"column":42}},{"start":{},"end":{}}],"line":45},"7":{"loc":{"start":{"line":48,"column":12},"end":{"line":54,"column":13}},"type":"if","locations":[{"start":{"line":48,"column":12},"end":{"line":54,"column":13}},{"start":{},"end":{}}],"line":48},"8":{"loc":{"start":{"line":62,"column":17},"end":{"line":74,"column":17}},"type":"binary-expr","locations":[{"start":{"line":62,"column":17},"end":{"line":62,"column":25}},{"start":{"line":63,"column":18},"end":{"line":73,"column":24}}],"line":62},"9":{"loc":{"start":{"line":88,"column":7},"end":{"line":88,"column":84}},"type":"binary-expr","locations":[{"start":{"line":88,"column":7},"end":{"line":88,"column":20}},{"start":{"line":88,"column":24},"end":{"line":88,"column":84}}],"line":88},"10":{"loc":{"start":{"line":89,"column":7},"end":{"line":89,"column":62}},"type":"binary-expr","locations":[{"start":{"line":89,"column":7},"end":{"line":89,"column":17}},{"start":{"line":89,"column":21},"end":{"line":89,"column":62}}],"line":89},"11":{"loc":{"start":{"line":90,"column":7},"end":{"line":90,"column":79}},"type":"binary-expr","locations":[{"start":{"line":90,"column":7},"end":{"line":90,"column":21}},{"start":{"line":90,"column":25},"end":{"line":90,"column":79}}],"line":90}},"s":{"0":0,"1":0,"2":0,"3":0,"4":0,"5":0,"6":0,"7":0,"8":0,"9":0,"10":0,"11":0,"12":0,"13":0,"14":0,"15":0,"16":0,"17":0,"18":0,"19":0,"20":0,"21":0,"22":0,"23":0,"24":0,"25":0,"26":0,"27":0,"28":0},"f":{"0":0,"1":0,"2":0,"3":0,"4":0,"5":0},"b":{"0":[0,0],"1":[0,0],"2":[0,0],"3":[0,0,0],"4":[0,0],"5":[0,0,0],"6":[0,0],"7":[0,0],"8":[0,0],"9":[0,0],"10":[0,0],"11":[0,0]},"_coverageSchema":"1a1c01bbd47fc00a2c39e90264f33305004495a9","hash":"b26d58a9dc86d2c3b14643e5b86e008c0712db88"}
,"/Applications/MAMP_2024-10-31_15-47-28/htdocs/grand-summoners/src/components/HomePage.jsx": {"path":"/Applications/MAMP_2024-10-31_15-47-28/htdocs/grand-summoners/src/components/HomePage.jsx","statementMap":{"0":{"start":{"line":13,"column":21},"end":{"line":17,"column":1}},"1":{"start":{"line":19,"column":27},"end":{"line":34,"column":1}},"2":{"start":{"line":20,"column":2},"end":{"line":33,"column":3}},"3":{"start":{"line":22,"column":6},"end":{"line":22,"column":61}},"4":{"start":{"line":24,"column":6},"end":{"line":24,"column":69}},"5":{"start":{"line":26,"column":6},"end":{"line":26,"column":62}},"6":{"start":{"line":28,"column":6},"end":{"line":28,"column":112}},"7":{"start":{"line":30,"column":6},"end":{"line":30,"column":166}},"8":{"start":{"line":32,"column":6},"end":{"line":32,"column":63}},"9":{"start":{"line":38,"column":19},"end":{"line":38,"column":32}},"10":{"start":{"line":39,"column":52},"end":{"line":39,"column":74}},"11":{"start":{"line":40,"column":42},"end":{"line":40,"column":56}},"12":{"start":{"line":41,"column":35},"end":{"line":41,"column":79}},"13":{"start":{"line":42,"column":36},"end":{"line":42,"column":56}},"14":{"start":{"line":44,"column":25},"end":{"line":48,"column":36}},"15":{"start":{"line":45,"column":4},"end":{"line":47,"column":52}},"16":{"start":{"line":46,"column":22},"end":{"line":46,"column":64}},"17":{"start":{"line":47,"column":22},"end":{"line":47,"column":50}},"18":{"start":{"line":50,"column":23},"end":{"line":53,"column":31}},"19":{"start":{"line":51,"column":4},"end":{"line":51,"column":49}},"20":{"start":{"line":51,"column":37},"end":{"line":51,"column":49}},"21":{"start":{"line":52,"column":4},"end":{"line":52,"column":65}},"22":{"start":{"line":52,"column":35},"end":{"line":52,"column":63}},"23":{"start":{"line":55,"column":23},"end":{"line":62,"column":8}},"24":{"start":{"line":55,"column":37},"end":{"line":62,"column":3}},"25":{"start":{"line":64,"column":2},"end":{"line":74,"column":75}},"26":{"start":{"line":66,"column":4},"end":{"line":70,"column":5}},"27":{"start":{"line":67,"column":6},"end":{"line":69,"column":15}},"28":{"start":{"line":68,"column":8},"end":{"line":68,"column":48}},"29":{"start":{"line":71,"column":4},"end":{"line":73,"column":6}},"30":{"start":{"line":72,"column":6},"end":{"line":72,"column":44}},"31":{"start":{"line":72,"column":20},"end":{"line":72,"column":44}},"32":{"start":{"line":76,"column":30},"end":{"line":114,"column":122}},"33":{"start":{"line":77,"column":4},"end":{"line":77,"column":47}},"34":{"start":{"line":77,"column":40},"end":{"line":77,"column":47}},"35":{"start":{"line":78,"column":4},"end":{"line":78,"column":70}},"36":{"start":{"line":78,"column":63},"end":{"line":78,"column":70}},"37":{"start":{"line":79,"column":4},"end":{"line":79,"column":124}},"38":{"start":{"line":79,"column":117},"end":{"line":79,"column":124}},"39":{"start":{"line":81,"column":4},"end":{"line":81,"column":38}},"40":{"start":{"line":83,"column":22},"end":{"line":83,"column":97}},"41":{"start":{"line":83,"column":65},"end":{"line":83,"column":85}},"42":{"start":{"line":84,"column":23},"end":{"line":84,"column":191}},"43":{"start":{"line":84,"column":105},"end":{"line":84,"column":159}},"44":{"start":{"line":84,"column":146},"end":{"line":84,"column":157}},"45":{"start":{"line":87,"column":4},"end":{"line":113,"column":12}},"46":{"start":{"line":88,"column":26},"end":{"line":88,"column":95}},"47":{"start":{"line":89,"column":6},"end":{"line":89,"column":99}},"48":{"start":{"line":91,"column":6},"end":{"line":112,"column":7}},"49":{"start":{"line":92,"column":26},"end":{"line":92,"column":40}},"50":{"start":{"line":93,"column":43},"end":{"line":93,"column":89}},"51":{"start":{"line":95,"column":24},"end":{"line":99,"column":9}},"52":{"start":{"line":97,"column":47},"end":{"line":97,"column":58}},"53":{"start":{"line":101,"column":25},"end":{"line":101,"column":66}},"54":{"start":{"line":102,"column":31},"end":{"line":102,"column":44}},"55":{"start":{"line":104,"column":8},"end":{"line":108,"column":9}},"56":{"start":{"line":105,"column":10},"end":{"line":105,"column":65}},"57":{"start":{"line":107,"column":10},"end":{"line":107,"column":56}},"58":{"start":{"line":110,"column":8},"end":{"line":110,"column":86}},"59":{"start":{"line":111,"column":8},"end":{"line":111,"column":42}},"60":{"start":{"line":116,"column":2},"end":{"line":125,"column":37}},"61":{"start":{"line":117,"column":4},"end":{"line":124,"column":5}},"62":{"start":{"line":118,"column":6},"end":{"line":118,"column":41}},"63":{"start":{"line":119,"column":11},"end":{"line":124,"column":5}},"64":{"start":{"line":121,"column":6},"end":{"line":123,"column":7}},"65":{"start":{"line":121,"column":36},"end":{"line":121,"column":60}},"66":{"start":{"line":122,"column":8},"end":{"line":122,"column":43}},"67":{"start":{"line":127,"column":2},"end":{"line":131,"column":42}},"68":{"start":{"line":128,"column":4},"end":{"line":130,"column":5}},"69":{"start":{"line":129,"column":8},"end":{"line":129,"column":30}},"70":{"start":{"line":133,"column":32},"end":{"line":136,"column":3}},"71":{"start":{"line":134,"column":4},"end":{"line":134,"column":31}},"72":{"start":{"line":135,"column":4},"end":{"line":135,"column":26}},"73":{"start":{"line":138,"column":27},"end":{"line":142,"column":3}},"74":{"start":{"line":139,"column":20},"end":{"line":139,"column":68}},"75":{"start":{"line":139,"column":40},"end":{"line":139,"column":67}},"76":{"start":{"line":140,"column":4},"end":{"line":140,"column":29}},"77":{"start":{"line":141,"column":4},"end":{"line":141,"column":29}},"78":{"start":{"line":144,"column":26},"end":{"line":147,"column":3}},"79":{"start":{"line":145,"column":4},"end":{"line":145,"column":26}},"80":{"start":{"line":146,"column":4},"end":{"line":146,"column":33}},"81":{"start":{"line":149,"column":27},"end":{"line":152,"column":3}},"82":{"start":{"line":150,"column":4},"end":{"line":150,"column":28}},"83":{"start":{"line":151,"column":4},"end":{"line":151,"column":35}},"84":{"start":{"line":154,"column":23},"end":{"line":154,"column":56}},"85":{"start":{"line":155,"column":24},"end":{"line":155,"column":43}},"86":{"start":{"line":157,"column":2},"end":{"line":239,"column":4}},"87":{"start":{"line":164,"column":37},"end":{"line":164,"column":72}},"88":{"start":{"line":165,"column":37},"end":{"line":165,"column":73}},"89":{"start":{"line":169,"column":16},"end":{"line":169,"column":74}},"90":{"start":{"line":177,"column":31},"end":{"line":177,"column":56}},"91":{"start":{"line":189,"column":35},"end":{"line":189,"column":59}},"92":{"start":{"line":192,"column":35},"end":{"line":192,"column":56}},"93":{"start":{"line":202,"column":55},"end":{"line":202,"column":262}},"94":{"start":{"line":205,"column":32},"end":{"line":211,"column":34}}},"fnMap":{"0":{"name":"(anonymous_0)","decl":{"start":{"line":19,"column":27},"end":{"line":19,"column":28}},"loc":{"start":{"line":19,"column":46},"end":{"line":34,"column":1}},"line":19},"1":{"name":"HomePage","decl":{"start":{"line":37,"column":24},"end":{"line":37,"column":32}},"loc":{"start":{"line":37,"column":140},"end":{"line":240,"column":1}},"line":37},"2":{"name":"(anonymous_2)","decl":{"start":{"line":44,"column":33},"end":{"line":44,"column":34}},"loc":{"start":{"line":44,"column":39},"end":{"line":48,"column":3}},"line":44},"3":{"name":"(anonymous_3)","decl":{"start":{"line":46,"column":14},"end":{"line":46,"column":15}},"loc":{"start":{"line":46,"column":22},"end":{"line":46,"column":64}},"line":46},"4":{"name":"(anonymous_4)","decl":{"start":{"line":47,"column":12},"end":{"line":47,"column":13}},"loc":{"start":{"line":47,"column":22},"end":{"line":47,"column":50}},"line":47},"5":{"name":"(anonymous_5)","decl":{"start":{"line":50,"column":31},"end":{"line":50,"column":32}},"loc":{"start":{"line":50,"column":37},"end":{"line":53,"column":3}},"line":50},"6":{"name":"(anonymous_6)","decl":{"start":{"line":52,"column":26},"end":{"line":52,"column":27}},"loc":{"start":{"line":52,"column":35},"end":{"line":52,"column":63}},"line":52},"7":{"name":"(anonymous_7)","decl":{"start":{"line":55,"column":31},"end":{"line":55,"column":32}},"loc":{"start":{"line":55,"column":37},"end":{"line":62,"column":3}},"line":55},"8":{"name":"(anonymous_8)","decl":{"start":{"line":64,"column":12},"end":{"line":64,"column":13}},"loc":{"start":{"line":64,"column":18},"end":{"line":74,"column":3}},"line":64},"9":{"name":"(anonymous_9)","decl":{"start":{"line":67,"column":29},"end":{"line":67,"column":30}},"loc":{"start":{"line":67,"column":35},"end":{"line":69,"column":7}},"line":67},"10":{"name":"(anonymous_10)","decl":{"start":{"line":71,"column":11},"end":{"line":71,"column":12}},"loc":{"start":{"line":71,"column":17},"end":{"line":73,"column":5}},"line":71},"11":{"name":"(anonymous_11)","decl":{"start":{"line":76,"column":42},"end":{"line":76,"column":43}},"loc":{"start":{"line":76,"column":77},"end":{"line":114,"column":3}},"line":76},"12":{"name":"(anonymous_12)","decl":{"start":{"line":83,"column":57},"end":{"line":83,"column":58}},"loc":{"start":{"line":83,"column":65},"end":{"line":83,"column":85}},"line":83},"13":{"name":"(anonymous_13)","decl":{"start":{"line":84,"column":88},"end":{"line":84,"column":89}},"loc":{"start":{"line":84,"column":105},"end":{"line":84,"column":159}},"line":84},"14":{"name":"(anonymous_14)","decl":{"start":{"line":84,"column":141},"end":{"line":84,"column":142}},"loc":{"start":{"line":84,"column":146},"end":{"line":84,"column":157}},"line":84},"15":{"name":"(anonymous_15)","decl":{"start":{"line":87,"column":15},"end":{"line":87,"column":16}},"loc":{"start":{"line":87,"column":27},"end":{"line":113,"column":5}},"line":87},"16":{"name":"(anonymous_16)","decl":{"start":{"line":97,"column":37},"end":{"line":97,"column":38}},"loc":{"start":{"line":97,"column":47},"end":{"line":97,"column":58}},"line":97},"17":{"name":"(anonymous_17)","decl":{"start":{"line":116,"column":12},"end":{"line":116,"column":13}},"loc":{"start":{"line":116,"column":18},"end":{"line":125,"column":3}},"line":116},"18":{"name":"(anonymous_18)","decl":{"start":{"line":121,"column":31},"end":{"line":121,"column":32}},"loc":{"start":{"line":121,"column":36},"end":{"line":121,"column":60}},"line":121},"19":{"name":"(anonymous_19)","decl":{"start":{"line":127,"column":12},"end":{"line":127,"column":13}},"loc":{"start":{"line":127,"column":18},"end":{"line":131,"column":3}},"line":127},"20":{"name":"(anonymous_20)","decl":{"start":{"line":133,"column":32},"end":{"line":133,"column":33}},"loc":{"start":{"line":133,"column":42},"end":{"line":136,"column":3}},"line":133},"21":{"name":"(anonymous_21)","decl":{"start":{"line":138,"column":27},"end":{"line":138,"column":28}},"loc":{"start":{"line":138,"column":38},"end":{"line":142,"column":3}},"line":138},"22":{"name":"(anonymous_22)","decl":{"start":{"line":139,"column":35},"end":{"line":139,"column":36}},"loc":{"start":{"line":139,"column":40},"end":{"line":139,"column":67}},"line":139},"23":{"name":"(anonymous_23)","decl":{"start":{"line":144,"column":26},"end":{"line":144,"column":27}},"loc":{"start":{"line":144,"column":36},"end":{"line":147,"column":3}},"line":144},"24":{"name":"(anonymous_24)","decl":{"start":{"line":149,"column":27},"end":{"line":149,"column":28}},"loc":{"start":{"line":149,"column":38},"end":{"line":152,"column":3}},"line":149},"25":{"name":"(anonymous_25)","decl":{"start":{"line":164,"column":31},"end":{"line":164,"column":32}},"loc":{"start":{"line":164,"column":37},"end":{"line":164,"column":72}},"line":164},"26":{"name":"(anonymous_26)","decl":{"start":{"line":165,"column":31},"end":{"line":165,"column":32}},"loc":{"start":{"line":165,"column":37},"end":{"line":165,"column":73}},"line":165},"27":{"name":"(anonymous_27)","decl":{"start":{"line":168,"column":34},"end":{"line":168,"column":35}},"loc":{"start":{"line":169,"column":16},"end":{"line":169,"column":74}},"line":169},"28":{"name":"(anonymous_28)","decl":{"start":{"line":177,"column":25},"end":{"line":177,"column":26}},"loc":{"start":{"line":177,"column":31},"end":{"line":177,"column":56}},"line":177},"29":{"name":"(anonymous_29)","decl":{"start":{"line":189,"column":29},"end":{"line":189,"column":30}},"loc":{"start":{"line":189,"column":35},"end":{"line":189,"column":59}},"line":189},"30":{"name":"(anonymous_30)","decl":{"start":{"line":192,"column":29},"end":{"line":192,"column":30}},"loc":{"start":{"line":192,"column":35},"end":{"line":192,"column":56}},"line":192},"31":{"name":"(anonymous_31)","decl":{"start":{"line":202,"column":45},"end":{"line":202,"column":46}},"loc":{"start":{"line":202,"column":55},"end":{"line":202,"column":262}},"line":202},"32":{"name":"(anonymous_32)","decl":{"start":{"line":204,"column":51},"end":{"line":204,"column":52}},"loc":{"start":{"line":205,"column":32},"end":{"line":211,"column":34}},"line":205}},"branchMap":{"0":{"loc":{"start":{"line":20,"column":2},"end":{"line":33,"column":3}},"type":"switch","locations":[{"start":{"line":21,"column":4},"end":{"line":22,"column":61}},{"start":{"line":23,"column":4},"end":{"line":24,"column":69}},{"start":{"line":25,"column":4},"end":{"line":26,"column":62}},{"start":{"line":27,"column":4},"end":{"line":28,"column":112}},{"start":{"line":29,"column":4},"end":{"line":30,"column":166}},{"start":{"line":31,"column":4},"end":{"line":32,"column":63}}],"line":20},"1":{"loc":{"start":{"line":46,"column":22},"end":{"line":46,"column":64}},"type":"binary-expr","locations":[{"start":{"line":46,"column":22},"end":{"line":46,"column":53}},{"start":{"line":46,"column":57},"end":{"line":46,"column":64}}],"line":46},"2":{"loc":{"start":{"line":51,"column":4},"end":{"line":51,"column":49}},"type":"if","locations":[{"start":{"line":51,"column":4},"end":{"line":51,"column":49}},{"start":{},"end":{}}],"line":51},"3":{"loc":{"start":{"line":51,"column":8},"end":{"line":51,"column":35}},"type":"binary-expr","locations":[{"start":{"line":51,"column":8},"end":{"line":51,"column":21}},{"start":{"line":51,"column":25},"end":{"line":51,"column":35}}],"line":51},"4":{"loc":{"start":{"line":66,"column":4},"end":{"line":70,"column":5}},"type":"if","locations":[{"start":{"line":66,"column":4},"end":{"line":70,"column":5}},{"start":{},"end":{}}],"line":66},"5":{"loc":{"start":{"line":66,"column":8},"end":{"line":66,"column":95}},"type":"binary-expr","locations":[{"start":{"line":66,"column":8},"end":{"line":66,"column":41}},{"start":{"line":66,"column":45},"end":{"line":66,"column":95}}],"line":66},"6":{"loc":{"start":{"line":72,"column":6},"end":{"line":72,"column":44}},"type":"if","locations":[{"start":{"line":72,"column":6},"end":{"line":72,"column":44}},{"start":{},"end":{}}],"line":72},"7":{"loc":{"start":{"line":76,"column":49},"end":{"line":76,"column":72}},"type":"default-arg","locations":[{"start":{"line":76,"column":67},"end":{"line":76,"column":72}}],"line":76},"8":{"loc":{"start":{"line":77,"column":4},"end":{"line":77,"column":47}},"type":"if","locations":[{"start":{"line":77,"column":4},"end":{"line":77,"column":47}},{"start":{},"end":{}}],"line":77},"9":{"loc":{"start":{"line":77,"column":8},"end":{"line":77,"column":38}},"type":"binary-expr","locations":[{"start":{"line":77,"column":8},"end":{"line":77,"column":21}},{"start":{"line":77,"column":25},"end":{"line":77,"column":38}}],"line":77},"10":{"loc":{"start":{"line":78,"column":4},"end":{"line":78,"column":70}},"type":"if","locations":[{"start":{"line":78,"column":4},"end":{"line":78,"column":70}},{"start":{},"end":{}}],"line":78},"11":{"loc":{"start":{"line":78,"column":8},"end":{"line":78,"column":61}},"type":"binary-expr","locations":[{"start":{"line":78,"column":8},"end":{"line":78,"column":41}},{"start":{"line":78,"column":45},"end":{"line":78,"column":61}}],"line":78},"12":{"loc":{"start":{"line":79,"column":4},"end":{"line":79,"column":124}},"type":"if","locations":[{"start":{"line":79,"column":4},"end":{"line":79,"column":124}},{"start":{},"end":{}}],"line":79},"13":{"loc":{"start":{"line":79,"column":8},"end":{"line":79,"column":115}},"type":"binary-expr","locations":[{"start":{"line":79,"column":8},"end":{"line":79,"column":45}},{"start":{"line":79,"column":49},"end":{"line":79,"column":95}},{"start":{"line":79,"column":99},"end":{"line":79,"column":115}}],"line":79},"14":{"loc":{"start":{"line":83,"column":22},"end":{"line":83,"column":97}},"type":"cond-expr","locations":[{"start":{"line":83,"column":41},"end":{"line":83,"column":86}},{"start":{"line":83,"column":89},"end":{"line":83,"column":97}}],"line":83},"15":{"loc":{"start":{"line":84,"column":23},"end":{"line":84,"column":191}},"type":"cond-expr","locations":[{"start":{"line":84,"column":46},"end":{"line":84,"column":176}},{"start":{"line":84,"column":179},"end":{"line":84,"column":191}}],"line":84},"16":{"loc":{"start":{"line":104,"column":8},"end":{"line":108,"column":9}},"type":"if","locations":[{"start":{"line":104,"column":8},"end":{"line":108,"column":9}},{"start":{"line":106,"column":15},"end":{"line":108,"column":9}}],"line":104},"17":{"loc":{"start":{"line":117,"column":4},"end":{"line":124,"column":5}},"type":"if","locations":[{"start":{"line":117,"column":4},"end":{"line":124,"column":5}},{"start":{"line":119,"column":11},"end":{"line":124,"column":5}}],"line":117},"18":{"loc":{"start":{"line":117,"column":8},"end":{"line":117,"column":50}},"type":"binary-expr","locations":[{"start":{"line":117,"column":8},"end":{"line":117,"column":33}},{"start":{"line":117,"column":37},"end":{"line":117,"column":50}}],"line":117},"19":{"loc":{"start":{"line":119,"column":11},"end":{"line":124,"column":5}},"type":"if","locations":[{"start":{"line":119,"column":11},"end":{"line":124,"column":5}},{"start":{},"end":{}}],"line":119},"20":{"loc":{"start":{"line":119,"column":15},"end":{"line":119,"column":56}},"type":"binary-expr","locations":[{"start":{"line":119,"column":15},"end":{"line":119,"column":40}},{"start":{"line":119,"column":44},"end":{"line":119,"column":56}}],"line":119},"21":{"loc":{"start":{"line":121,"column":6},"end":{"line":123,"column":7}},"type":"if","locations":[{"start":{"line":121,"column":6},"end":{"line":123,"column":7}},{"start":{},"end":{}}],"line":121},"22":{"loc":{"start":{"line":128,"column":4},"end":{"line":130,"column":5}},"type":"if","locations":[{"start":{"line":128,"column":4},"end":{"line":130,"column":5}},{"start":{},"end":{}}],"line":128},"23":{"loc":{"start":{"line":164,"column":164},"end":{"line":164,"column":263}},"type":"cond-expr","locations":[{"start":{"line":164,"column":201},"end":{"line":164,"column":227}},{"start":{"line":164,"column":230},"end":{"line":164,"column":263}}],"line":164},"24":{"loc":{"start":{"line":165,"column":165},"end":{"line":165,"column":265}},"type":"cond-expr","locations":[{"start":{"line":165,"column":203},"end":{"line":165,"column":229}},{"start":{"line":165,"column":232},"end":{"line":165,"column":265}}],"line":165},"25":{"loc":{"start":{"line":167,"column":73},"end":{"line":167,"column":95}},"type":"binary-expr","locations":[{"start":{"line":167,"column":73},"end":{"line":167,"column":89}},{"start":{"line":167,"column":93},"end":{"line":167,"column":95}}],"line":167},"26":{"loc":{"start":{"line":181,"column":17},"end":{"line":181,"column":67}},"type":"cond-expr","locations":[{"start":{"line":181,"column":32},"end":{"line":181,"column":47}},{"start":{"line":181,"column":50},"end":{"line":181,"column":67}}],"line":181},"27":{"loc":{"start":{"line":185,"column":9},"end":{"line":185,"column":152}},"type":"binary-expr","locations":[{"start":{"line":185,"column":9},"end":{"line":185,"column":25}},{"start":{"line":185,"column":31},"end":{"line":185,"column":150}}],"line":185},"28":{"loc":{"start":{"line":189,"column":117},"end":{"line":189,"column":221}},"type":"cond-expr","locations":[{"start":{"line":189,"column":144},"end":{"line":189,"column":183}},{"start":{"line":189,"column":186},"end":{"line":189,"column":221}}],"line":189},"29":{"loc":{"start":{"line":192,"column":114},"end":{"line":192,"column":215}},"type":"cond-expr","locations":[{"start":{"line":192,"column":138},"end":{"line":192,"column":177}},{"start":{"line":192,"column":180},"end":{"line":192,"column":215}}],"line":192},"30":{"loc":{"start":{"line":198,"column":13},"end":{"line":231,"column":13}},"type":"binary-expr","locations":[{"start":{"line":198,"column":13},"end":{"line":198,"column":37}},{"start":{"line":199,"column":16},"end":{"line":230,"column":19}}],"line":198},"31":{"loc":{"start":{"line":201,"column":25},"end":{"line":215,"column":25}},"type":"cond-expr","locations":[{"start":{"line":202,"column":27},"end":{"line":202,"column":263}},{"start":{"line":203,"column":28},"end":{"line":215,"column":25}}],"line":201},"32":{"loc":{"start":{"line":201,"column":25},"end":{"line":201,"column":72}},"type":"binary-expr","locations":[{"start":{"line":201,"column":25},"end":{"line":201,"column":37}},{"start":{"line":201,"column":41},"end":{"line":201,"column":72}}],"line":201},"33":{"loc":{"start":{"line":203,"column":28},"end":{"line":215,"column":25}},"type":"cond-expr","locations":[{"start":{"line":204,"column":28},"end":{"line":212,"column":29}},{"start":{"line":214,"column":27},"end":{"line":214,"column":214}}],"line":203},"34":{"loc":{"start":{"line":218,"column":21},"end":{"line":222,"column":21}},"type":"binary-expr","locations":[{"start":{"line":218,"column":21},"end":{"line":218,"column":33}},{"start":{"line":218,"column":37},"end":{"line":218,"column":67}},{"start":{"line":219,"column":22},"end":{"line":221,"column":28}}],"line":218},"35":{"loc":{"start":{"line":224,"column":21},"end":{"line":229,"column":21}},"type":"binary-expr","locations":[{"start":{"line":224,"column":21},"end":{"line":224,"column":34}},{"start":{"line":224,"column":38},"end":{"line":224,"column":56}},{"start":{"line":225,"column":22},"end":{"line":228,"column":28}}],"line":224},"36":{"loc":{"start":{"line":233,"column":13},"end":{"line":235,"column":13}},"type":"binary-expr","locations":[{"start":{"line":233,"column":13},"end":{"line":233,"column":34}},{"start":{"line":234,"column":16},"end":{"line":234,"column":105}}],"line":233}},"s":{"0":1,"1":1,"2":0,"3":0,"4":0,"5":0,"6":0,"7":0,"8":0,"9":0,"10":0,"11":0,"12":0,"13":0,"14":0,"15":0,"16":0,"17":0,"18":0,"19":0,"20":0,"21":0,"22":0,"23":0,"24":0,"25":0,"26":0,"27":0,"28":0,"29":0,"30":0,"31":0,"32":0,"33":0,"34":0,"35":0,"36":0,"37":0,"38":0,"39":0,"40":0,"41":0,"42":0,"43":0,"44":0,"45":0,"46":0,"47":0,"48":0,"49":0,"50":0,"51":0,"52":0,"53":0,"54":0,"55":0,"56":0,"57":0,"58":0,"59":0,"60":0,"61":0,"62":0,"63":0,"64":0,"65":0,"66":0,"67":0,"68":0,"69":0,"70":0,"71":0,"72":0,"73":0,"74":0,"75":0,"76":0,"77":0,"78":0,"79":0,"80":0,"81":0,"82":0,"83":0,"84":0,"85":0,"86":0,"87":0,"88":0,"89":0,"90":0,"91":0,"92":0,"93":0,"94":0},"f":{"0":0,"1":0,"2":0,"3":0,"4":0,"5":0,"6":0,"7":0,"8":0,"9":0,"10":0,"11":0,"12":0,"13":0,"14":0,"15":0,"16":0,"17":0,"18":0,"19":0,"20":0,"21":0,"22":0,"23":0,"24":0,"25":0,"26":0,"27":0,"28":0,"29":0,"30":0,"31":0,"32":0},"b":{"0":[0,0,0,0,0,0],"1":[0,0],"2":[0,0],"3":[0,0],"4":[0,0],"5":[0,0],"6":[0,0],"7":[0],"8":[0,0],"9":[0,0],"10":[0,0],"11":[0,0],"12":[0,0],"13":[0,0,0],"14":[0,0],"15":[0,0],"16":[0,0],"17":[0,0],"18":[0,0],"19":[0,0],"20":[0,0],"21":[0,0],"22":[0,0],"23":[0,0],"24":[0,0],"25":[0,0],"26":[0,0],"27":[0,0],"28":[0,0],"29":[0,0],"30":[0,0],"31":[0,0],"32":[0,0],"33":[0,0],"34":[0,0,0],"35":[0,0,0],"36":[0,0]},"_coverageSchema":"1a1c01bbd47fc00a2c39e90264f33305004495a9","hash":"cf47eb05ebb78b854f7a6defc81eda2d0c9473cd"}
,"/Applications/MAMP_2024-10-31_15-47-28/htdocs/grand-summoners/src/components/NavBar.jsx": {"path":"/Applications/MAMP_2024-10-31_15-47-28/htdocs/grand-summoners/src/components/NavBar.jsx","statementMap":{"0":{"start":{"line":7,"column":59},"end":{"line":7,"column":77}},"1":{"start":{"line":9,"column":20},"end":{"line":9,"column":34}},"2":{"start":{"line":10,"column":21},"end":{"line":10,"column":36}},"3":{"start":{"line":11,"column":24},"end":{"line":11,"column":42}},"4":{"start":{"line":12,"column":21},"end":{"line":12,"column":36}},"5":{"start":{"line":14,"column":22},"end":{"line":22,"column":17}},"6":{"start":{"line":15,"column":24},"end":{"line":15,"column":64}},"7":{"start":{"line":15,"column":48},"end":{"line":15,"column":63}},"8":{"start":{"line":16,"column":4},"end":{"line":21,"column":11}},"9":{"start":{"line":17,"column":19},"end":{"line":17,"column":36}},"10":{"start":{"line":18,"column":6},"end":{"line":18,"column":37}},"11":{"start":{"line":18,"column":22},"end":{"line":18,"column":37}},"12":{"start":{"line":19,"column":6},"end":{"line":19,"column":27}},"13":{"start":{"line":20,"column":6},"end":{"line":20,"column":17}},"14":{"start":{"line":24,"column":2},"end":{"line":35,"column":4}}},"fnMap":{"0":{"name":"NavBar","decl":{"start":{"line":6,"column":24},"end":{"line":6,"column":30}},"loc":{"start":{"line":6,"column":33},"end":{"line":36,"column":1}},"line":6},"1":{"name":"(anonymous_1)","decl":{"start":{"line":14,"column":30},"end":{"line":14,"column":31}},"loc":{"start":{"line":14,"column":36},"end":{"line":22,"column":3}},"line":14},"2":{"name":"(anonymous_2)","decl":{"start":{"line":15,"column":41},"end":{"line":15,"column":42}},"loc":{"start":{"line":15,"column":48},"end":{"line":15,"column":63}},"line":15},"3":{"name":"(anonymous_3)","decl":{"start":{"line":16,"column":30},"end":{"line":16,"column":31}},"loc":{"start":{"line":16,"column":45},"end":{"line":21,"column":5}},"line":16}},"branchMap":{"0":{"loc":{"start":{"line":9,"column":20},"end":{"line":9,"column":34}},"type":"binary-expr","locations":[{"start":{"line":9,"column":20},"end":{"line":9,"column":28}},{"start":{"line":9,"column":32},"end":{"line":9,"column":34}}],"line":9},"1":{"loc":{"start":{"line":10,"column":21},"end":{"line":10,"column":36}},"type":"binary-expr","locations":[{"start":{"line":10,"column":21},"end":{"line":10,"column":30}},{"start":{"line":10,"column":34},"end":{"line":10,"column":36}}],"line":10},"2":{"loc":{"start":{"line":11,"column":24},"end":{"line":11,"column":42}},"type":"binary-expr","locations":[{"start":{"line":11,"column":24},"end":{"line":11,"column":36}},{"start":{"line":11,"column":40},"end":{"line":11,"column":42}}],"line":11},"3":{"loc":{"start":{"line":12,"column":21},"end":{"line":12,"column":36}},"type":"binary-expr","locations":[{"start":{"line":12,"column":21},"end":{"line":12,"column":30}},{"start":{"line":12,"column":34},"end":{"line":12,"column":36}}],"line":12},"4":{"loc":{"start":{"line":18,"column":6},"end":{"line":18,"column":37}},"type":"if","locations":[{"start":{"line":18,"column":6},"end":{"line":18,"column":37}},{"start":{},"end":{}}],"line":18}},"s":{"0":1,"1":1,"2":1,"3":1,"4":1,"5":1,"6":1,"7":0,"8":1,"9":0,"10":0,"11":0,"12":0,"13":0,"14":1},"f":{"0":1,"1":1,"2":0,"3":0},"b":{"0":[1,0],"1":[1,0],"2":[1,0],"3":[1,0],"4":[0,0]},"_coverageSchema":"1a1c01bbd47fc00a2c39e90264f33305004495a9","hash":"ef5a5b6104a7bd45c8fb96337347142dad02b339"}
,"/Applications/MAMP_2024-10-31_15-47-28/htdocs/grand-summoners/src/components/PageHeader.jsx": {"path":"/Applications/MAMP_2024-10-31_15-47-28/htdocs/grand-summoners/src/components/PageHeader.jsx","statementMap":{"0":{"start":{"line":2,"column":2},"end":{"line":17,"column":4}}},"fnMap":{"0":{"name":"PageHeader","decl":{"start":{"line":1,"column":24},"end":{"line":1,"column":34}},"loc":{"start":{"line":1,"column":85},"end":{"line":18,"column":1}},"line":1}},"branchMap":{"0":{"loc":{"start":{"line":4,"column":7},"end":{"line":10,"column":7}},"type":"binary-expr","locations":[{"start":{"line":4,"column":7},"end":{"line":4,"column":18}},{"start":{"line":5,"column":8},"end":{"line":9,"column":14}}],"line":4},"1":{"loc":{"start":{"line":7,"column":15},"end":{"line":7,"column":39}},"type":"binary-expr","locations":[{"start":{"line":7,"column":15},"end":{"line":7,"column":29}},{"start":{"line":7,"column":33},"end":{"line":7,"column":39}}],"line":7},"2":{"loc":{"start":{"line":15,"column":7},"end":{"line":15,"column":86}},"type":"binary-expr","locations":[{"start":{"line":15,"column":7},"end":{"line":15,"column":15}},{"start":{"line":15,"column":19},"end":{"line":15,"column":86}}],"line":15}},"s":{"0":5},"f":{"0":5},"b":{"0":[5,0],"1":[0,0],"2":[5,5]},"_coverageSchema":"1a1c01bbd47fc00a2c39e90264f33305004495a9","hash":"1af7f9244386a268a0255c45821e7c764797cc22"}
,"/Applications/MAMP_2024-10-31_15-47-28/htdocs/grand-summoners/src/components/SkeletonCard.jsx": {"path":"/Applications/MAMP_2024-10-31_15-47-28/htdocs/grand-summoners/src/components/SkeletonCard.jsx","statementMap":{"0":{"start":{"line":3,"column":2},"end":{"line":12,"column":4}}},"fnMap":{"0":{"name":"SkeletonCard","decl":{"start":{"line":2,"column":24},"end":{"line":2,"column":36}},"loc":{"start":{"line":2,"column":39},"end":{"line":13,"column":1}},"line":2}},"branchMap":{},"s":{"0":4},"f":{"0":4},"b":{},"_coverageSchema":"1a1c01bbd47fc00a2c39e90264f33305004495a9","hash":"d15fcd562e8d5d7af7fba24b8de2e1a91492404a"}
}
