TN:
SF:src/App.jsx
FN:18,(anonymous_0)
FN:20,(anonymous_1)
FN:26,AppContent
FN:31,(anonymous_3)
FN:32,(anonymous_4)
FN:36,(anonymous_5)
FN:37,(anonymous_6)
FN:42,(anonymous_7)
FN:45,(anonymous_8)
FN:47,(anonymous_9)
FN:51,(anonymous_10)
FN:52,(anonymous_11)
FN:53,(anonymous_12)
FN:54,(anonymous_13)
FN:63,(anonymous_14)
FN:66,(anonymous_15)
FN:68,(anonymous_16)
FN:73,(anonymous_17)
FN:75,(anonymous_18)
FN:85,(anonymous_19)
FN:120,App
FNF:21
FNH:1
FNDA:0,(anonymous_0)
FNDA:0,(anonymous_1)
FNDA:0,AppContent
FNDA:0,(anonymous_3)
FNDA:0,(anonymous_4)
FNDA:0,(anonymous_5)
FNDA:0,(anonymous_6)
FNDA:0,(anonymous_7)
FNDA:0,(anonymous_8)
FNDA:0,(anonymous_9)
FNDA:0,(anonymous_10)
FNDA:0,(anonymous_11)
FNDA:0,(anonymous_12)
FNDA:0,(anonymous_13)
FNDA:0,(anonymous_14)
FNDA:0,(anonymous_15)
FNDA:0,(anonymous_16)
FNDA:0,(anonymous_17)
FNDA:0,(anonymous_18)
FNDA:0,(anonymous_19)
FNDA:5,App
DA:18,1
DA:19,0
DA:20,0
DA:21,0
DA:23,0
DA:27,0
DA:28,0
DA:29,0
DA:31,0
DA:32,0
DA:33,0
DA:36,0
DA:37,0
DA:38,0
DA:39,0
DA:40,0
DA:42,0
DA:44,0
DA:45,0
DA:47,0
DA:48,0
DA:51,0
DA:52,0
DA:53,0
DA:54,0
DA:55,0
DA:56,0
DA:57,0
DA:59,0
DA:61,0
DA:63,0
DA:65,0
DA:66,0
DA:68,0
DA:69,0
DA:72,0
DA:73,0
DA:75,0
DA:76,0
DA:79,0
DA:80,0
DA:86,0
DA:93,0
DA:94,0
DA:102,0
DA:121,5
LF:46
LH:2
BRDA:31,0,0,0
BRDA:31,0,1,0
BRDA:39,1,0,0
BRDA:39,1,1,0
BRDA:45,2,0,0
BRDA:45,2,1,0
BRDA:52,3,0,0
BRDA:52,3,1,0
BRDA:56,4,0,0
BRDA:56,4,1,0
BRDA:56,5,0,0
BRDA:56,5,1,0
BRDA:79,6,0,0
BRDA:79,6,1,0
BRDA:93,7,0,0
BRDA:93,7,1,0
BRF:16
BRH:0
end_of_record
TN:
SF:src/components/AllBossesPage.jsx
FN:5,AllBossesPage
FN:12,(anonymous_1)
FNF:2
FNH:0
FNDA:0,AllBossesPage
FNDA:0,(anonymous_1)
DA:6,0
DA:8,0
DA:13,0
LF:3
LH:0
BRDA:6,0,0,0
BRDA:6,0,1,0
BRDA:15,1,0,0
BRDA:15,1,1,0
BRDA:18,2,0,0
BRDA:18,2,1,0
BRF:6
BRH:0
end_of_record
TN:
SF:src/components/AllGuidesPage.jsx
FN:5,AllGuidesPage
FN:12,(anonymous_1)
FNF:2
FNH:0
FNDA:0,AllGuidesPage
FNDA:0,(anonymous_1)
DA:6,0
DA:8,0
DA:13,0
LF:3
LH:0
BRDA:6,0,0,0
BRDA:6,0,1,0
BRDA:15,1,0,0
BRDA:15,1,1,0
BRDA:18,2,0,0
BRDA:18,2,1,0
BRF:6
BRH:0
end_of_record
TN:
SF:src/components/AllUnitsPage.jsx
FN:8,AllUnitsPage
FN:26,(anonymous_1)
FN:27,(anonymous_2)
FN:30,(anonymous_3)
FN:31,(anonymous_4)
FN:34,(anonymous_5)
FN:36,(anonymous_6)
FN:39,(anonymous_7)
FN:59,(anonymous_8)
FN:70,(anonymous_9)
FN:71,(anonymous_10)
FN:73,(anonymous_11)
FN:78,(anonymous_12)
FN:121,(anonymous_13)
FN:135,(anonymous_14)
FN:143,(anonymous_15)
FN:162,(anonymous_16)
FN:177,(anonymous_17)
FNF:18
FNH:11
FNDA:4,AllUnitsPage
FNDA:4,(anonymous_1)
FNDA:476,(anonymous_2)
FNDA:4,(anonymous_3)
FNDA:6,(anonymous_4)
FNDA:4,(anonymous_5)
FNDA:2,(anonymous_6)
FNDA:5,(anonymous_7)
FNDA:1,(anonymous_8)
FNDA:0,(anonymous_9)
FNDA:0,(anonymous_10)
FNDA:0,(anonymous_11)
FNDA:0,(anonymous_12)
FNDA:0,(anonymous_13)
FNDA:40,(anonymous_14)
FNDA:0,(anonymous_15)
FNDA:0,(anonymous_16)
FNDA:4,(anonymous_17)
DA:17,4
DA:18,4
DA:24,4
DA:26,4
DA:27,476
DA:30,4
DA:31,6
DA:34,4
DA:35,4
DA:36,2
DA:39,4
DA:40,5
DA:42,4
DA:44,4
DA:45,4
DA:46,0
DA:47,0
DA:48,0
DA:51,4
DA:59,4
DA:60,1
DA:61,1
DA:62,1
DA:63,1
DA:64,1
DA:67,4
DA:70,4
DA:71,0
DA:73,4
DA:74,0
DA:75,0
DA:78,4
DA:79,0
DA:80,0
DA:84,4
DA:122,0
DA:136,40
DA:143,0
DA:162,0
DA:178,4
LF:40
LH:29
BRDA:9,0,0,0
BRDA:10,1,0,0
BRDA:35,2,0,1
BRDA:35,2,1,3
BRDA:36,3,0,2
BRDA:36,3,1,2
BRDA:40,4,0,1
BRDA:40,4,1,4
BRDA:40,5,0,5
BRDA:40,5,1,5
BRDA:44,6,0,4
BRDA:44,6,1,0
BRDA:44,6,2,0
BRDA:44,6,3,0
BRDA:52,7,0,4
BRDA:52,7,1,4
BRDA:52,7,2,0
BRDA:52,7,3,4
BRDA:52,7,4,0
BRDA:52,7,5,4
BRDA:60,8,0,1
BRDA:60,8,1,0
BRDA:61,9,0,1
BRDA:61,9,1,0
BRDA:62,10,0,0
BRDA:62,10,1,1
BRDA:63,11,0,0
BRDA:63,11,1,1
BRDA:64,12,0,1
BRDA:64,12,1,1
BRDA:64,13,0,1
BRDA:64,13,1,1
BRDA:79,14,0,0
BRDA:79,14,1,0
BRF:34
BRH:21
end_of_record
TN:
SF:src/components/BattlePlanDisplay.jsx
FN:7,BattlePlanDisplay
FN:19,(anonymous_1)
FN:33,(anonymous_2)
FN:44,(anonymous_3)
FN:57,(anonymous_4)
FN:68,(anonymous_5)
FNF:6
FNH:0
FNDA:0,BattlePlanDisplay
FNDA:0,(anonymous_1)
FNDA:0,(anonymous_2)
FNDA:0,(anonymous_3)
FNDA:0,(anonymous_4)
FNDA:0,(anonymous_5)
DA:9,0
DA:11,0
DA:12,0
DA:13,0
DA:15,0
DA:16,0
DA:17,0
DA:19,0
DA:20,0
DA:21,0
DA:33,0
DA:34,0
DA:36,0
DA:38,0
DA:45,0
DA:47,0
DA:48,0
DA:49,0
DA:56,0
DA:57,0
DA:58,0
DA:60,0
DA:68,0
DA:86,0
LF:24
LH:0
BRDA:9,0,0,0
BRDA:9,0,1,0
BRDA:9,1,0,0
BRDA:9,1,1,0
BRDA:20,2,0,0
BRDA:20,2,1,0
BRDA:20,3,0,0
BRDA:20,3,1,0
BRDA:20,3,2,0
BRDA:34,4,0,0
BRDA:34,4,1,0
BRDA:34,5,0,0
BRDA:34,5,1,0
BRDA:34,5,2,0
BRDA:45,6,0,0
BRDA:45,6,1,0
BRDA:48,7,0,0
BRDA:48,7,1,0
BRDA:62,8,0,0
BRDA:62,8,1,0
BRDA:88,9,0,0
BRDA:88,9,1,0
BRDA:89,10,0,0
BRDA:89,10,1,0
BRDA:90,11,0,0
BRDA:90,11,1,0
BRF:26
BRH:0
end_of_record
TN:
SF:src/components/HomePage.jsx
FN:19,(anonymous_0)
FN:37,HomePage
FN:44,(anonymous_2)
FN:46,(anonymous_3)
FN:47,(anonymous_4)
FN:50,(anonymous_5)
FN:52,(anonymous_6)
FN:55,(anonymous_7)
FN:64,(anonymous_8)
FN:67,(anonymous_9)
FN:71,(anonymous_10)
FN:76,(anonymous_11)
FN:83,(anonymous_12)
FN:84,(anonymous_13)
FN:84,(anonymous_14)
FN:87,(anonymous_15)
FN:97,(anonymous_16)
FN:116,(anonymous_17)
FN:121,(anonymous_18)
FN:127,(anonymous_19)
FN:133,(anonymous_20)
FN:138,(anonymous_21)
FN:139,(anonymous_22)
FN:144,(anonymous_23)
FN:149,(anonymous_24)
FN:164,(anonymous_25)
FN:165,(anonymous_26)
FN:168,(anonymous_27)
FN:177,(anonymous_28)
FN:189,(anonymous_29)
FN:192,(anonymous_30)
FN:202,(anonymous_31)
FN:204,(anonymous_32)
FNF:33
FNH:0
FNDA:0,(anonymous_0)
FNDA:0,HomePage
FNDA:0,(anonymous_2)
FNDA:0,(anonymous_3)
FNDA:0,(anonymous_4)
FNDA:0,(anonymous_5)
FNDA:0,(anonymous_6)
FNDA:0,(anonymous_7)
FNDA:0,(anonymous_8)
FNDA:0,(anonymous_9)
FNDA:0,(anonymous_10)
FNDA:0,(anonymous_11)
FNDA:0,(anonymous_12)
FNDA:0,(anonymous_13)
FNDA:0,(anonymous_14)
FNDA:0,(anonymous_15)
FNDA:0,(anonymous_16)
FNDA:0,(anonymous_17)
FNDA:0,(anonymous_18)
FNDA:0,(anonymous_19)
FNDA:0,(anonymous_20)
FNDA:0,(anonymous_21)
FNDA:0,(anonymous_22)
FNDA:0,(anonymous_23)
FNDA:0,(anonymous_24)
FNDA:0,(anonymous_25)
FNDA:0,(anonymous_26)
FNDA:0,(anonymous_27)
FNDA:0,(anonymous_28)
FNDA:0,(anonymous_29)
FNDA:0,(anonymous_30)
FNDA:0,(anonymous_31)
FNDA:0,(anonymous_32)
DA:13,1
DA:19,1
DA:20,0
DA:22,0
DA:24,0
DA:26,0
DA:28,0
DA:30,0
DA:32,0
DA:38,0
DA:39,0
DA:40,0
DA:41,0
DA:42,0
DA:44,0
DA:45,0
DA:46,0
DA:47,0
DA:50,0
DA:51,0
DA:52,0
DA:55,0
DA:64,0
DA:66,0
DA:67,0
DA:68,0
DA:71,0
DA:72,0
DA:76,0
DA:77,0
DA:78,0
DA:79,0
DA:81,0
DA:83,0
DA:84,0
DA:87,0
DA:88,0
DA:89,0
DA:91,0
DA:92,0
DA:93,0
DA:95,0
DA:97,0
DA:101,0
DA:102,0
DA:104,0
DA:105,0
DA:107,0
DA:110,0
DA:111,0
DA:116,0
DA:117,0
DA:118,0
DA:119,0
DA:121,0
DA:122,0
DA:127,0
DA:128,0
DA:129,0
DA:133,0
DA:134,0
DA:135,0
DA:138,0
DA:139,0
DA:140,0
DA:141,0
DA:144,0
DA:145,0
DA:146,0
DA:149,0
DA:150,0
DA:151,0
DA:154,0
DA:155,0
DA:157,0
DA:164,0
DA:165,0
DA:169,0
DA:177,0
DA:189,0
DA:192,0
DA:202,0
DA:205,0
LF:83
LH:2
BRDA:20,0,0,0
BRDA:20,0,1,0
BRDA:20,0,2,0
BRDA:20,0,3,0
BRDA:20,0,4,0
BRDA:20,0,5,0
BRDA:46,1,0,0
BRDA:46,1,1,0
BRDA:51,2,0,0
BRDA:51,2,1,0
BRDA:51,3,0,0
BRDA:51,3,1,0
BRDA:66,4,0,0
BRDA:66,4,1,0
BRDA:66,5,0,0
BRDA:66,5,1,0
BRDA:72,6,0,0
BRDA:72,6,1,0
BRDA:76,7,0,0
BRDA:77,8,0,0
BRDA:77,8,1,0
BRDA:77,9,0,0
BRDA:77,9,1,0
BRDA:78,10,0,0
BRDA:78,10,1,0
BRDA:78,11,0,0
BRDA:78,11,1,0
BRDA:79,12,0,0
BRDA:79,12,1,0
BRDA:79,13,0,0
BRDA:79,13,1,0
BRDA:79,13,2,0
BRDA:83,14,0,0
BRDA:83,14,1,0
BRDA:84,15,0,0
BRDA:84,15,1,0
BRDA:104,16,0,0
BRDA:104,16,1,0
BRDA:117,17,0,0
BRDA:117,17,1,0
BRDA:117,18,0,0
BRDA:117,18,1,0
BRDA:119,19,0,0
BRDA:119,19,1,0
BRDA:119,20,0,0
BRDA:119,20,1,0
BRDA:121,21,0,0
BRDA:121,21,1,0
BRDA:128,22,0,0
BRDA:128,22,1,0
BRDA:164,23,0,0
BRDA:164,23,1,0
BRDA:165,24,0,0
BRDA:165,24,1,0
BRDA:167,25,0,0
BRDA:167,25,1,0
BRDA:181,26,0,0
BRDA:181,26,1,0
BRDA:185,27,0,0
BRDA:185,27,1,0
BRDA:189,28,0,0
BRDA:189,28,1,0
BRDA:192,29,0,0
BRDA:192,29,1,0
BRDA:198,30,0,0
BRDA:198,30,1,0
BRDA:201,31,0,0
BRDA:201,31,1,0
BRDA:201,32,0,0
BRDA:201,32,1,0
BRDA:203,33,0,0
BRDA:203,33,1,0
BRDA:218,34,0,0
BRDA:218,34,1,0
BRDA:218,34,2,0
BRDA:224,35,0,0
BRDA:224,35,1,0
BRDA:224,35,2,0
BRDA:233,36,0,0
BRDA:233,36,1,0
BRF:80
BRH:0
end_of_record
TN:
SF:src/components/NavBar.jsx
FN:6,NavBar
FN:14,(anonymous_1)
FN:15,(anonymous_2)
FN:16,(anonymous_3)
FNF:4
FNH:2
FNDA:1,NavBar
FNDA:1,(anonymous_1)
FNDA:0,(anonymous_2)
FNDA:0,(anonymous_3)
DA:7,1
DA:9,1
DA:10,1
DA:11,1
DA:12,1
DA:14,1
DA:15,1
DA:16,1
DA:17,0
DA:18,0
DA:19,0
DA:20,0
DA:24,1
LF:13
LH:9
BRDA:9,0,0,1
BRDA:9,0,1,0
BRDA:10,1,0,1
BRDA:10,1,1,0
BRDA:11,2,0,1
BRDA:11,2,1,0
BRDA:12,3,0,1
BRDA:12,3,1,0
BRDA:18,4,0,0
BRDA:18,4,1,0
BRF:10
BRH:4
end_of_record
TN:
SF:src/components/PageHeader.jsx
FN:1,PageHeader
FNF:1
FNH:1
FNDA:5,PageHeader
DA:2,5
LF:1
LH:1
BRDA:4,0,0,5
BRDA:4,0,1,0
BRDA:7,1,0,0
BRDA:7,1,1,0
BRDA:15,2,0,5
BRDA:15,2,1,5
BRF:6
BRH:3
end_of_record
TN:
SF:src/components/SkeletonCard.jsx
FN:2,SkeletonCard
FNF:1
FNH:1
FNDA:4,SkeletonCard
DA:3,4
LF:1
LH:1
BRF:0
BRH:0
end_of_record
